{
  "/Users/max/Projects/@geektech/geek-ui/src/components/button/button.vue": {
    "path": "/Users/max/Projects/@geektech/geek-ui/src/components/button/button.vue",
    "all": false,
    "statementMap": {
      "0": { "start": { "line": 1, "column": 0 }, "end": { "line": 1, "column": 24 } },
      "1": { "start": { "line": 2, "column": 0 }, "end": { "line": 2, "column": 0 } },
      "2": { "start": { "line": 3, "column": 0 }, "end": { "line": 3, "column": 29 } },
      "3": { "start": { "line": 4, "column": 0 }, "end": { "line": 4, "column": 0 } },
      "4": { "start": { "line": 5, "column": 0 }, "end": { "line": 5, "column": 65 } },
      "5": { "start": { "line": 6, "column": 0 }, "end": { "line": 6, "column": 9 } },
      "6": { "start": { "line": 7, "column": 0 }, "end": { "line": 7, "column": 0 } },
      "7": { "start": { "line": 8, "column": 0 }, "end": { "line": 8, "column": 10 } },
      "8": { "start": { "line": 9, "column": 0 }, "end": { "line": 9, "column": 88 } },
      "9": { "start": { "line": 10, "column": 0 }, "end": { "line": 10, "column": 12 } },
      "10": { "start": { "line": 11, "column": 0 }, "end": { "line": 11, "column": 11 } },
      "11": { "start": { "line": 12, "column": 0 }, "end": { "line": 12, "column": 11 } },
      "12": { "start": { "line": 13, "column": 0 }, "end": { "line": 13, "column": 0 } },
      "13": { "start": { "line": 14, "column": 0 }, "end": { "line": 14, "column": 19 } },
      "14": { "start": { "line": 15, "column": 0 }, "end": { "line": 15, "column": 43 } },
      "15": { "start": { "line": 16, "column": 0 }, "end": { "line": 16, "column": 32 } },
      "16": { "start": { "line": 17, "column": 0 }, "end": { "line": 17, "column": 15 } },
      "17": { "start": { "line": 18, "column": 0 }, "end": { "line": 18, "column": 17 } },
      "18": { "start": { "line": 19, "column": 0 }, "end": { "line": 19, "column": 21 } },
      "19": { "start": { "line": 20, "column": 0 }, "end": { "line": 20, "column": 15 } },
      "20": { "start": { "line": 21, "column": 0 }, "end": { "line": 21, "column": 26 } },
      "21": { "start": { "line": 22, "column": 0 }, "end": { "line": 22, "column": 30 } },
      "22": { "start": { "line": 23, "column": 0 }, "end": { "line": 23, "column": 26 } },
      "23": { "start": { "line": 24, "column": 0 }, "end": { "line": 24, "column": 3 } },
      "24": { "start": { "line": 25, "column": 0 }, "end": { "line": 25, "column": 13 } },
      "25": { "start": { "line": 26, "column": 0 }, "end": { "line": 26, "column": 16 } },
      "26": { "start": { "line": 27, "column": 0 }, "end": { "line": 27, "column": 37 } },
      "27": { "start": { "line": 28, "column": 0 }, "end": { "line": 28, "column": 26 } },
      "28": { "start": { "line": 29, "column": 0 }, "end": { "line": 29, "column": 13 } },
      "29": { "start": { "line": 30, "column": 0 }, "end": { "line": 30, "column": 38 } },
      "30": { "start": { "line": 31, "column": 0 }, "end": { "line": 31, "column": 5 } },
      "31": { "start": { "line": 32, "column": 0 }, "end": { "line": 32, "column": 3 } },
      "32": { "start": { "line": 33, "column": 0 }, "end": { "line": 33, "column": 1 } },
      "33": { "start": { "line": 34, "column": 0 }, "end": { "line": 34, "column": 8 } }
    },
    "s": {
      "0": 1,
      "1": 1,
      "2": 1,
      "3": 1,
      "4": 1,
      "5": 1,
      "6": 1,
      "7": 1,
      "8": 1,
      "9": 1,
      "10": 1,
      "11": 1,
      "12": 1,
      "13": 1,
      "14": 1,
      "15": 1,
      "16": 1,
      "17": 1,
      "18": 1,
      "19": 1,
      "20": 1,
      "21": 1,
      "22": 1,
      "23": 1,
      "24": 1,
      "25": 1,
      "26": 1,
      "27": 1,
      "28": 1,
      "29": 1,
      "30": 1,
      "31": 1,
      "32": 1,
      "33": 1
    },
    "branchMap": {},
    "b": {},
    "fnMap": {},
    "f": {}
  },
  "/Users/max/Projects/@geektech/geek-ui/src/components/button/index.ts": {
    "path": "/Users/max/Projects/@geektech/geek-ui/src/components/button/index.ts",
    "all": false,
    "statementMap": {
      "0": { "start": { "line": 1, "column": 0 }, "end": { "line": 1, "column": 31 } },
      "1": { "start": { "line": 2, "column": 0 }, "end": { "line": 2, "column": 34 } },
      "2": { "start": { "line": 3, "column": 0 }, "end": { "line": 3, "column": 0 } },
      "3": { "start": { "line": 4, "column": 0 }, "end": { "line": 4, "column": 9 } },
      "4": { "start": { "line": 5, "column": 0 }, "end": { "line": 5, "column": 44 } },
      "5": { "start": { "line": 6, "column": 0 }, "end": { "line": 6, "column": 37 } },
      "6": { "start": { "line": 7, "column": 0 }, "end": { "line": 7, "column": 2 } },
      "7": { "start": { "line": 8, "column": 0 }, "end": { "line": 8, "column": 0 } },
      "8": { "start": { "line": 9, "column": 0 }, "end": { "line": 9, "column": 5 } },
      "9": { "start": { "line": 10, "column": 0 }, "end": { "line": 10, "column": 18 } },
      "10": { "start": { "line": 11, "column": 0 }, "end": { "line": 11, "column": 0 } },
      "11": { "start": { "line": 12, "column": 0 }, "end": { "line": 12, "column": 9 } },
      "12": { "start": { "line": 13, "column": 0 }, "end": { "line": 13, "column": 16 } },
      "13": { "start": { "line": 14, "column": 0 }, "end": { "line": 14, "column": 21 } },
      "14": { "start": { "line": 15, "column": 0 }, "end": { "line": 15, "column": 19 } },
      "15": { "start": { "line": 16, "column": 0 }, "end": { "line": 16, "column": 17 } },
      "16": { "start": { "line": 17, "column": 0 }, "end": { "line": 17, "column": 27 } },
      "17": { "start": { "line": 18, "column": 0 }, "end": { "line": 18, "column": 39 } },
      "18": { "start": { "line": 19, "column": 0 }, "end": { "line": 19, "column": 4 } },
      "19": { "start": { "line": 20, "column": 0 }, "end": { "line": 20, "column": 2 } }
    },
    "s": {
      "0": 1,
      "1": 1,
      "2": 1,
      "3": 1,
      "4": 1,
      "5": 0,
      "6": 0,
      "7": 1,
      "8": 1,
      "9": 1,
      "10": 1,
      "11": 1,
      "12": 1,
      "13": 1,
      "14": 1,
      "15": 1,
      "16": 1,
      "17": 0,
      "18": 0,
      "19": 1
    },
    "branchMap": {},
    "b": {},
    "fnMap": {
      "0": {
        "name": "__vite_ssr_import_0__.default.install",
        "decl": { "start": { "line": 5, "column": 17 }, "end": { "line": 7, "column": 2 } },
        "loc": { "start": { "line": 5, "column": 17 }, "end": { "line": 7, "column": 2 } },
        "line": 5
      },
      "1": {
        "name": "install",
        "decl": { "start": { "line": 17, "column": 2 }, "end": { "line": 19, "column": 4 } },
        "loc": { "start": { "line": 17, "column": 2 }, "end": { "line": 19, "column": 4 } },
        "line": 17
      }
    },
    "f": { "0": 0, "1": 0 }
  }
}
